<?xml version="1.0" encoding="UTF-8"?>
<!-- Generated by org.testng.reporters.JUnitReportReporter -->
<testsuite hostname="Mac.lan" failures="0" tests="1" name="rahulshettyacademy.Tests.ErrorValidations" time="7.158" errors="0" timestamp="2024-12-11T11:41:49 CST" skipped="0">
  <testcase classname="rahulshettyacademy.Tests.ErrorValidations" name="submitOrder" time="7.158"/>
</testsuite> <!-- rahulshettyacademy.Tests.ErrorValidations -->
