<?xml version="1.0" encoding="UTF-8"?>
<!-- Generated by org.testng.reporters.JUnitReportReporter -->
<testsuite hostname="Mac.lan" failures="0" tests="3" name="rahulshettyacademy.Tests.SubmitOrderTest" time="27.688" errors="0" timestamp="2024-12-11T21:25:21 CST" skipped="0">
  <testcase classname="rahulshettyacademy.Tests.SubmitOrderTest" name="orderHistoryTest" time="6.538"/>
  <testcase classname="rahulshettyacademy.Tests.SubmitOrderTest" name="submitOrder" time="10.009"/>
  <testcase classname="rahulshettyacademy.Tests.SubmitOrderTest" name="submitOrder" time="11.141"/>
</testsuite> <!-- rahulshettyacademy.Tests.SubmitOrderTest -->
