<?xml version="1.0" encoding="UTF-8"?>
<!-- Generated by org.testng.reporters.JUnitReportReporter -->
<testsuite hostname="Mac.lan" failures="0" tests="2" name="cucumber.TestNGTestRunner" time="18.153" errors="0" timestamp="2024-12-13T07:57:38 CST" skipped="0">
  <testcase classname="cucumber.TestNGTestRunner" name="runScenario" time="8.007"/>
  <testcase classname="cucumber.TestNGTestRunner" name="runScenario" time="10.146"/>
</testsuite> <!-- cucumber.TestNGTestRunner -->
