<?xml version="1.0" encoding="UTF-8"?>
<!-- Generated by org.testng.reporters.JUnitReportReporter -->
<testsuite hostname="Mac.lan" failures="0" tests="2" name="rahulshettyacademy.Tests.ErrorValidationsTest" time="15.336" errors="0" timestamp="2024-12-13T08:06:21 CST" skipped="0">
  <testcase classname="rahulshettyacademy.Tests.ErrorValidationsTest" name="ProductErrorValidation" time="9.649"/>
  <testcase classname="rahulshettyacademy.Tests.ErrorValidationsTest" name="LoginErrorValidation" time="5.687"/>
</testsuite> <!-- rahulshettyacademy.Tests.ErrorValidationsTest -->
