<?xml version="1.0" encoding="UTF-8"?>
<!-- Generated by org.testng.reporters.JUnitReportReporter -->
<testsuite hostname="Mac.lan" failures="0" tests="3" name="rahulshettyacademy.Tests.SubmitOrderTest" time="26.837" errors="0" timestamp="2024-12-13T08:06:21 CST" skipped="0">
  <testcase classname="rahulshettyacademy.Tests.SubmitOrderTest" name="orderHistoryTest" time="7.187"/>
  <testcase classname="rahulshettyacademy.Tests.SubmitOrderTest" name="submitOrder" time="9.631"/>
  <testcase classname="rahulshettyacademy.Tests.SubmitOrderTest" name="submitOrder" time="10.019"/>
</testsuite> <!-- rahulshettyacademy.Tests.SubmitOrderTest -->
