<?xml version="1.0" encoding="UTF-8"?>
<!-- Generated by org.testng.reporters.JUnitReportReporter -->
<testsuite hostname="Mac.lan" failures="0" tests="1" name="cucumber.TestNGTestRunner" time="11.513" errors="0" timestamp="2024-12-13T08:05:17 CST" skipped="0">
  <testcase classname="cucumber.TestNGTestRunner" name="runScenario" time="11.513"/>
</testsuite> <!-- cucumber.TestNGTestRunner -->
